<?xml version="1.0" encoding="UTF-8"?>
<<<<<<< HEAD
<testng-results skipped="0" failed="2" ignored="0" total="3" passed="1">
  <reporter-output>
  </reporter-output>
  <suite name="Default suite" duration-ms="626440" started-at="2019-12-20T04:45:57Z" finished-at="2019-12-20T04:56:24Z">
    <groups>
      <group name="pilot">
        <method signature="WebTestNewUI.testMyAccountPage(java.lang.String, java.lang.String)[pri:0, instance:com.origin.fractal.testauto.test.testsuites.WebTestNewUI@7ff2a664]" name="testMyAccountPage" class="com.origin.fractal.testauto.test.testsuites.WebTestNewUI"/>
      </group> <!-- pilot -->
      <group name="Phase1.0">
        <method signature="WebTestNewUI.testLogin(java.lang.String, java.lang.String)[pri:0, instance:com.origin.fractal.testauto.test.testsuites.WebTestNewUI@7ff2a664]" name="testLogin" class="com.origin.fractal.testauto.test.testsuites.WebTestNewUI"/>
        <method signature="WebTestNewUI.testMyLearningPage0(java.lang.String, java.lang.String)[pri:0, instance:com.origin.fractal.testauto.test.testsuites.WebTestNewUI@7ff2a664]" name="testMyLearningPage0" class="com.origin.fractal.testauto.test.testsuites.WebTestNewUI"/>
      </group> <!-- Phase1.0 -->
    </groups>
    <test name="Default test" duration-ms="626440" started-at="2019-12-20T04:45:57Z" finished-at="2019-12-20T04:56:24Z">
      <class name="com.origin.fractal.testauto.test.testsuites.WebTestNewUI">
        <test-method status="PASS" signature="beforeSuite()[pri:0, instance:com.origin.fractal.testauto.test.testsuites.WebTestNewUI@7ff2a664]" name="beforeSuite" is-config="true" duration-ms="17" started-at="2019-12-20T04:45:57Z" finished-at="2019-12-20T04:45:57Z">
          <reporter-output>
          </reporter-output>
        </test-method> <!-- beforeSuite -->
        <test-method status="PASS" signature="beforeTest()[pri:0, instance:com.origin.fractal.testauto.test.testsuites.WebTestNewUI@7ff2a664]" name="beforeTest" is-config="true" duration-ms="0" started-at="2019-12-20T04:45:57Z" finished-at="2019-12-20T04:45:57Z">
          <reporter-output>
          </reporter-output>
        </test-method> <!-- beforeTest -->
        <test-method status="PASS" signature="beforeClass()[pri:0, instance:com.origin.fractal.testauto.test.testsuites.WebTestNewUI@7ff2a664]" name="beforeClass" is-config="true" duration-ms="0" started-at="2019-12-20T04:45:57Z" finished-at="2019-12-20T04:45:57Z">
          <reporter-output>
          </reporter-output>
        </test-method> <!-- beforeClass -->
        <test-method status="PASS" signature="testLogin(java.lang.String, java.lang.String)[pri:0, instance:com.origin.fractal.testauto.test.testsuites.WebTestNewUI@7ff2a664]" name="testLogin" duration-ms="294983" started-at="2019-12-20T04:45:57Z" description="Login Page" data-provider="browers" finished-at="2019-12-20T04:50:52Z">
=======
<testng-results skipped="0" failed="0" ignored="0" total="3" passed="3">
  <reporter-output>
  </reporter-output>
  <suite name="Default suite" duration-ms="574327" started-at="2019-12-05T12:37:05Z" finished-at="2019-12-05T12:46:39Z">
    <groups>
      <group name="pilot">
        <method signature="WebTestNewUI.testLogin(java.lang.String, java.lang.String)[pri:0, instance:com.origin.fractal.testauto.test.testsuites.WebTestNewUI@709ba3fb]" name="testLogin" class="com.origin.fractal.testauto.test.testsuites.WebTestNewUI"/>
        <method signature="WebTestNewUI.testMyAccountPage(java.lang.String, java.lang.String)[pri:0, instance:com.origin.fractal.testauto.test.testsuites.WebTestNewUI@709ba3fb]" name="testMyAccountPage" class="com.origin.fractal.testauto.test.testsuites.WebTestNewUI"/>
        <method signature="WebTestNewUI.testMyLearningPage0(java.lang.String, java.lang.String)[pri:0, instance:com.origin.fractal.testauto.test.testsuites.WebTestNewUI@709ba3fb]" name="testMyLearningPage0" class="com.origin.fractal.testauto.test.testsuites.WebTestNewUI"/>
      </group> <!-- pilot -->
    </groups>
    <test name="Default test" duration-ms="574327" started-at="2019-12-05T12:37:05Z" finished-at="2019-12-05T12:46:39Z">
      <class name="com.origin.fractal.testauto.test.testsuites.WebTestNewUI">
        <test-method status="PASS" signature="beforeSuite()[pri:0, instance:com.origin.fractal.testauto.test.testsuites.WebTestNewUI@709ba3fb]" name="beforeSuite" is-config="true" duration-ms="151" started-at="2019-12-05T12:37:04Z" finished-at="2019-12-05T12:37:05Z">
          <reporter-output>
          </reporter-output>
        </test-method> <!-- beforeSuite -->
        <test-method status="PASS" signature="beforeTest()[pri:0, instance:com.origin.fractal.testauto.test.testsuites.WebTestNewUI@709ba3fb]" name="beforeTest" is-config="true" duration-ms="0" started-at="2019-12-05T12:37:05Z" finished-at="2019-12-05T12:37:05Z">
          <reporter-output>
          </reporter-output>
        </test-method> <!-- beforeTest -->
        <test-method status="PASS" signature="beforeClass()[pri:0, instance:com.origin.fractal.testauto.test.testsuites.WebTestNewUI@709ba3fb]" name="beforeClass" is-config="true" duration-ms="0" started-at="2019-12-05T12:37:05Z" finished-at="2019-12-05T12:37:05Z">
          <reporter-output>
          </reporter-output>
        </test-method> <!-- beforeClass -->
        <test-method status="PASS" signature="beforeMethod()[pri:0, instance:com.origin.fractal.testauto.test.testsuites.WebTestNewUI@709ba3fb]" name="beforeMethod" is-config="true" duration-ms="0" started-at="2019-12-05T12:37:05Z" finished-at="2019-12-05T12:37:05Z">
          <reporter-output>
          </reporter-output>
        </test-method> <!-- beforeMethod -->
        <test-method status="PASS" signature="testLogin(java.lang.String, java.lang.String)[pri:0, instance:com.origin.fractal.testauto.test.testsuites.WebTestNewUI@709ba3fb]" name="testLogin" duration-ms="194284" started-at="2019-12-05T12:37:05Z" description="LOGIN PAGE" data-provider="browers" finished-at="2019-12-05T12:40:19Z">
>>>>>>> a1b6d640f2200d77de36e87021ffec9bd019ee46
          <params>
            <param index="0">
              <value>
                <![CDATA[1]]>
              </value>
            </param>
            <param index="1">
              <value>
                <![CDATA[safari]]>
              </value>
            </param>
          </params>
          <reporter-output>
          </reporter-output>
        </test-method> <!-- testLogin -->
<<<<<<< HEAD
        <test-method status="PASS" signature="beforeMethod()[pri:0, instance:com.origin.fractal.testauto.test.testsuites.WebTestNewUI@7ff2a664]" name="beforeMethod" is-config="true" duration-ms="0" started-at="2019-12-20T04:45:57Z" finished-at="2019-12-20T04:45:57Z">
          <reporter-output>
          </reporter-output>
        </test-method> <!-- beforeMethod -->
        <test-method status="PASS" signature="afterMethod()[pri:0, instance:com.origin.fractal.testauto.test.testsuites.WebTestNewUI@7ff2a664]" name="afterMethod" is-config="true" duration-ms="1034" started-at="2019-12-20T04:50:52Z" finished-at="2019-12-20T04:50:53Z">
          <reporter-output>
          </reporter-output>
        </test-method> <!-- afterMethod -->
        <test-method status="PASS" signature="beforeMethod()[pri:0, instance:com.origin.fractal.testauto.test.testsuites.WebTestNewUI@7ff2a664]" name="beforeMethod" is-config="true" duration-ms="0" started-at="2019-12-20T04:50:53Z" finished-at="2019-12-20T04:50:53Z">
          <reporter-output>
          </reporter-output>
        </test-method> <!-- beforeMethod -->
        <test-method status="FAIL" signature="testMyAccountPage(java.lang.String, java.lang.String)[pri:0, instance:com.origin.fractal.testauto.test.testsuites.WebTestNewUI@7ff2a664]" name="testMyAccountPage" duration-ms="231256" started-at="2019-12-20T04:50:53Z" description="TCID_61,62 61: Verify  My account page,62: Verify  My Account Profile details, " data-provider="browers" finished-at="2019-12-20T04:54:45Z">
=======
        <test-method status="PASS" signature="afterMethod()[pri:0, instance:com.origin.fractal.testauto.test.testsuites.WebTestNewUI@709ba3fb]" name="afterMethod" is-config="true" duration-ms="873" started-at="2019-12-05T12:40:19Z" finished-at="2019-12-05T12:40:20Z">
          <reporter-output>
          </reporter-output>
        </test-method> <!-- afterMethod -->
        <test-method status="PASS" signature="beforeMethod()[pri:0, instance:com.origin.fractal.testauto.test.testsuites.WebTestNewUI@709ba3fb]" name="beforeMethod" is-config="true" duration-ms="0" started-at="2019-12-05T12:40:20Z" finished-at="2019-12-05T12:40:20Z">
          <reporter-output>
          </reporter-output>
        </test-method> <!-- beforeMethod -->
        <test-method status="PASS" signature="testMyAccountPage(java.lang.String, java.lang.String)[pri:0, instance:com.origin.fractal.testauto.test.testsuites.WebTestNewUI@709ba3fb]" name="testMyAccountPage" duration-ms="216536" started-at="2019-12-05T12:40:20Z" description="TCID_61,62 61: Verify  My account page,62: Verify  My Account Profile details, " data-provider="browers" finished-at="2019-12-05T12:43:56Z">
>>>>>>> a1b6d640f2200d77de36e87021ffec9bd019ee46
          <params>
            <param index="0">
              <value>
                <![CDATA[1]]>
              </value>
            </param>
            <param index="1">
              <value>
                <![CDATA[safari]]>
              </value>
            </param>
          </params>
<<<<<<< HEAD
          <exception class="org.openqa.selenium.NoSuchElementException">
            <message>
              <![CDATA[no such element: Unable to locate element: {"method":"xpath","selector":".//input[@name='username']"}
  (Session info: chrome=77.0.3865.120)
  (Driver info: chromedriver=2.43.600210 (68dcf5eebde37173d4027fa8635e332711d2874a),platform=Windows NT 6.3.9600 x86_64) (WARNING: The server did not provide any stacktrace information)
Command duration or timeout: 0 milliseconds
For documentation on this error, please visit: http://seleniumhq.org/exceptions/no_such_element.html
Build info: version: '3.14.0', revision: 'aacccce0', time: '2018-08-02T20:19:58.91Z'
System info: host: 'ORIGINAUTOMATIO', ip: '192.168.1.89', os.name: 'Windows Server 2012 R2', os.arch: 'amd64', os.version: '6.3', java.version: '1.8.0_111'
Driver info: org.openqa.selenium.chrome.ChromeDriver
Capabilities {acceptInsecureCerts: false, acceptSslCerts: false, applicationCacheEnabled: false, browserConnectionEnabled: false, browserName: chrome, chrome: {chromedriverVersion: 2.43.600210 (68dcf5eebde371..., userDataDir: C:\Users\ORIGIN~1.AUT\AppDa...}, cssSelectorsEnabled: true, databaseEnabled: false, goog:chromeOptions: {debuggerAddress: localhost:4388}, handlesAlerts: true, hasTouchScreen: false, javascriptEnabled: true, locationContextEnabled: true, mobileEmulationEnabled: false, nativeEvents: true, networkConnectionEnabled: false, pageLoadStrategy: normal, platform: XP, platformName: XP, rotatable: false, setWindowRect: true, takesHeapSnapshot: true, takesScreenshot: true, unexpectedAlertBehaviour: , unhandledPromptBehavior: , version: 77.0.3865.120, webStorageEnabled: true}
Session ID: 2656f0a6362fa02d7bd8b80e4e0c64cf
*** Element info: {Using=xpath, value=.//input[@name='username']}]]>
            </message>
            <full-stacktrace>
              <![CDATA[org.openqa.selenium.NoSuchElementException: no such element: Unable to locate element: {"method":"xpath","selector":".//input[@name='username']"}
  (Session info: chrome=77.0.3865.120)
  (Driver info: chromedriver=2.43.600210 (68dcf5eebde37173d4027fa8635e332711d2874a),platform=Windows NT 6.3.9600 x86_64) (WARNING: The server did not provide any stacktrace information)
Command duration or timeout: 0 milliseconds
For documentation on this error, please visit: http://seleniumhq.org/exceptions/no_such_element.html
Build info: version: '3.14.0', revision: 'aacccce0', time: '2018-08-02T20:19:58.91Z'
System info: host: 'ORIGINAUTOMATIO', ip: '192.168.1.89', os.name: 'Windows Server 2012 R2', os.arch: 'amd64', os.version: '6.3', java.version: '1.8.0_111'
Driver info: org.openqa.selenium.chrome.ChromeDriver
Capabilities {acceptInsecureCerts: false, acceptSslCerts: false, applicationCacheEnabled: false, browserConnectionEnabled: false, browserName: chrome, chrome: {chromedriverVersion: 2.43.600210 (68dcf5eebde371..., userDataDir: C:\Users\ORIGIN~1.AUT\AppDa...}, cssSelectorsEnabled: true, databaseEnabled: false, goog:chromeOptions: {debuggerAddress: localhost:4388}, handlesAlerts: true, hasTouchScreen: false, javascriptEnabled: true, locationContextEnabled: true, mobileEmulationEnabled: false, nativeEvents: true, networkConnectionEnabled: false, pageLoadStrategy: normal, platform: XP, platformName: XP, rotatable: false, setWindowRect: true, takesHeapSnapshot: true, takesScreenshot: true, unexpectedAlertBehaviour: , unhandledPromptBehavior: , version: 77.0.3865.120, webStorageEnabled: true}
Session ID: 2656f0a6362fa02d7bd8b80e4e0c64cf
*** Element info: {Using=xpath, value=.//input[@name='username']}
at sun.reflect.NativeConstructorAccessorImpl.newInstance0(Native Method)
at sun.reflect.NativeConstructorAccessorImpl.newInstance(Unknown Source)
at sun.reflect.DelegatingConstructorAccessorImpl.newInstance(Unknown Source)
at java.lang.reflect.Constructor.newInstance(Unknown Source)
at org.openqa.selenium.remote.ErrorHandler.createThrowable(ErrorHandler.java:214)
at org.openqa.selenium.remote.ErrorHandler.throwIfResponseFailed(ErrorHandler.java:166)
at org.openqa.selenium.remote.http.JsonHttpResponseCodec.reconstructValue(JsonHttpResponseCodec.java:40)
at org.openqa.selenium.remote.http.AbstractHttpResponseCodec.decode(AbstractHttpResponseCodec.java:80)
at org.openqa.selenium.remote.http.AbstractHttpResponseCodec.decode(AbstractHttpResponseCodec.java:44)
at org.openqa.selenium.remote.HttpCommandExecutor.execute(HttpCommandExecutor.java:158)
at org.openqa.selenium.remote.service.DriverCommandExecutor.execute(DriverCommandExecutor.java:83)
at org.openqa.selenium.remote.RemoteWebDriver.execute(RemoteWebDriver.java:548)
at org.openqa.selenium.remote.RemoteWebDriver.findElement(RemoteWebDriver.java:322)
at org.openqa.selenium.remote.RemoteWebDriver.findElementByXPath(RemoteWebDriver.java:424)
at org.openqa.selenium.By$ByXPath.findElement(By.java:353)
at org.openqa.selenium.remote.RemoteWebDriver.findElement(RemoteWebDriver.java:314)
at com.wv.auto.framework.BasePage.getObj(BasePage.java:29)
at com.wv.auto.framework.BasePage.enterData(BasePage.java:64)
at com.origin.fractal.testauto.pages.LoginPage.doLogin(LoginPage.java:37)
at com.origin.fractal.testauto.steps.LoginSteps.doLogin(LoginSteps.java:18)
at com.origin.fractal.testauto.test.testsuites.WebTestNewUI.testMyAccountPage(WebTestNewUI.java:113)
at sun.reflect.NativeMethodAccessorImpl.invoke0(Native Method)
at sun.reflect.NativeMethodAccessorImpl.invoke(Unknown Source)
at sun.reflect.DelegatingMethodAccessorImpl.invoke(Unknown Source)
at java.lang.reflect.Method.invoke(Unknown Source)
at org.testng.internal.MethodInvocationHelper.invokeMethod(MethodInvocationHelper.java:124)
at org.testng.internal.Invoker.invokeMethod(Invoker.java:583)
at org.testng.internal.Invoker.invokeTestMethod(Invoker.java:719)
at org.testng.internal.Invoker.invokeTestMethods(Invoker.java:989)
at org.testng.internal.TestMethodWorker.invokeTestMethods(TestMethodWorker.java:125)
at org.testng.internal.TestMethodWorker.run(TestMethodWorker.java:109)
at org.testng.TestRunner.privateRun(TestRunner.java:648)
at org.testng.TestRunner.run(TestRunner.java:505)
at org.testng.SuiteRunner.runTest(SuiteRunner.java:455)
at org.testng.SuiteRunner.runSequentially(SuiteRunner.java:450)
at org.testng.SuiteRunner.privateRun(SuiteRunner.java:415)
at org.testng.SuiteRunner.run(SuiteRunner.java:364)
at org.testng.SuiteRunnerWorker.runSuite(SuiteRunnerWorker.java:52)
at org.testng.SuiteRunnerWorker.run(SuiteRunnerWorker.java:84)
at org.testng.TestNG.runSuitesSequentially(TestNG.java:1208)
at org.testng.TestNG.runSuitesLocally(TestNG.java:1137)
at org.testng.TestNG.runSuites(TestNG.java:1049)
at org.testng.TestNG.run(TestNG.java:1017)
at org.testng.remote.AbstractRemoteTestNG.run(AbstractRemoteTestNG.java:115)
at org.testng.remote.RemoteTestNG.initAndRun(RemoteTestNG.java:251)
at org.testng.remote.RemoteTestNG.main(RemoteTestNG.java:77)
]]>
            </full-stacktrace>
          </exception> <!-- org.openqa.selenium.NoSuchElementException -->
          <reporter-output>
          </reporter-output>
        </test-method> <!-- testMyAccountPage -->
        <test-method status="PASS" signature="afterMethod()[pri:0, instance:com.origin.fractal.testauto.test.testsuites.WebTestNewUI@7ff2a664]" name="afterMethod" is-config="true" duration-ms="992" started-at="2019-12-20T04:54:45Z" finished-at="2019-12-20T04:54:45Z">
          <reporter-output>
          </reporter-output>
        </test-method> <!-- afterMethod -->
        <test-method status="PASS" signature="beforeMethod()[pri:0, instance:com.origin.fractal.testauto.test.testsuites.WebTestNewUI@7ff2a664]" name="beforeMethod" is-config="true" duration-ms="0" started-at="2019-12-20T04:54:45Z" finished-at="2019-12-20T04:54:45Z">
          <reporter-output>
          </reporter-output>
        </test-method> <!-- beforeMethod -->
        <test-method status="FAIL" signature="testMyLearningPage0(java.lang.String, java.lang.String)[pri:0, instance:com.origin.fractal.testauto.test.testsuites.WebTestNewUI@7ff2a664]" name="testMyLearningPage0" duration-ms="97074" started-at="2019-12-20T04:54:46Z" description="Login Page" data-provider="browers" finished-at="2019-12-20T04:56:23Z">
=======
          <reporter-output>
          </reporter-output>
        </test-method> <!-- testMyAccountPage -->
        <test-method status="PASS" signature="afterMethod()[pri:0, instance:com.origin.fractal.testauto.test.testsuites.WebTestNewUI@709ba3fb]" name="afterMethod" is-config="true" duration-ms="71" started-at="2019-12-05T12:43:56Z" finished-at="2019-12-05T12:43:56Z">
          <reporter-output>
          </reporter-output>
        </test-method> <!-- afterMethod -->
        <test-method status="PASS" signature="beforeMethod()[pri:0, instance:com.origin.fractal.testauto.test.testsuites.WebTestNewUI@709ba3fb]" name="beforeMethod" is-config="true" duration-ms="1" started-at="2019-12-05T12:43:56Z" finished-at="2019-12-05T12:43:56Z">
          <reporter-output>
          </reporter-output>
        </test-method> <!-- beforeMethod -->
        <test-method status="PASS" signature="testMyLearningPage0(java.lang.String, java.lang.String)[pri:0, instance:com.origin.fractal.testauto.test.testsuites.WebTestNewUI@709ba3fb]" name="testMyLearningPage0" duration-ms="162306" started-at="2019-12-05T12:43:56Z" data-provider="browers" finished-at="2019-12-05T12:46:39Z">
>>>>>>> a1b6d640f2200d77de36e87021ffec9bd019ee46
          <params>
            <param index="0">
              <value>
                <![CDATA[1]]>
              </value>
            </param>
            <param index="1">
              <value>
                <![CDATA[safari]]>
              </value>
            </param>
          </params>
          <exception class="org.openqa.selenium.NoSuchElementException">
            <message>
              <![CDATA[no such element: Unable to locate element: {"method":"xpath","selector":"//button[contains(text(),'COURSE')]"}
  (Session info: chrome=77.0.3865.120)
  (Driver info: chromedriver=2.43.600210 (68dcf5eebde37173d4027fa8635e332711d2874a),platform=Windows NT 6.3.9600 x86_64) (WARNING: The server did not provide any stacktrace information)
Command duration or timeout: 0 milliseconds
For documentation on this error, please visit: http://seleniumhq.org/exceptions/no_such_element.html
Build info: version: '3.14.0', revision: 'aacccce0', time: '2018-08-02T20:19:58.91Z'
System info: host: 'ORIGINAUTOMATIO', ip: '192.168.1.89', os.name: 'Windows Server 2012 R2', os.arch: 'amd64', os.version: '6.3', java.version: '1.8.0_111'
Driver info: org.openqa.selenium.chrome.ChromeDriver
Capabilities {acceptInsecureCerts: false, acceptSslCerts: false, applicationCacheEnabled: false, browserConnectionEnabled: false, browserName: chrome, chrome: {chromedriverVersion: 2.43.600210 (68dcf5eebde371..., userDataDir: C:\Users\ORIGIN~1.AUT\AppDa...}, cssSelectorsEnabled: true, databaseEnabled: false, goog:chromeOptions: {debuggerAddress: localhost:4625}, handlesAlerts: true, hasTouchScreen: false, javascriptEnabled: true, locationContextEnabled: true, mobileEmulationEnabled: false, nativeEvents: true, networkConnectionEnabled: false, pageLoadStrategy: normal, platform: XP, platformName: XP, rotatable: false, setWindowRect: true, takesHeapSnapshot: true, takesScreenshot: true, unexpectedAlertBehaviour: , unhandledPromptBehavior: , version: 77.0.3865.120, webStorageEnabled: true}
Session ID: 9490612cad8527f4e238d5f859298e85
*** Element info: {Using=xpath, value=//button[contains(text(),'COURSE')]}]]>
            </message>
            <full-stacktrace>
              <![CDATA[org.openqa.selenium.NoSuchElementException: no such element: Unable to locate element: {"method":"xpath","selector":"//button[contains(text(),'COURSE')]"}
  (Session info: chrome=77.0.3865.120)
  (Driver info: chromedriver=2.43.600210 (68dcf5eebde37173d4027fa8635e332711d2874a),platform=Windows NT 6.3.9600 x86_64) (WARNING: The server did not provide any stacktrace information)
Command duration or timeout: 0 milliseconds
For documentation on this error, please visit: http://seleniumhq.org/exceptions/no_such_element.html
Build info: version: '3.14.0', revision: 'aacccce0', time: '2018-08-02T20:19:58.91Z'
System info: host: 'ORIGINAUTOMATIO', ip: '192.168.1.89', os.name: 'Windows Server 2012 R2', os.arch: 'amd64', os.version: '6.3', java.version: '1.8.0_111'
Driver info: org.openqa.selenium.chrome.ChromeDriver
Capabilities {acceptInsecureCerts: false, acceptSslCerts: false, applicationCacheEnabled: false, browserConnectionEnabled: false, browserName: chrome, chrome: {chromedriverVersion: 2.43.600210 (68dcf5eebde371..., userDataDir: C:\Users\ORIGIN~1.AUT\AppDa...}, cssSelectorsEnabled: true, databaseEnabled: false, goog:chromeOptions: {debuggerAddress: localhost:4625}, handlesAlerts: true, hasTouchScreen: false, javascriptEnabled: true, locationContextEnabled: true, mobileEmulationEnabled: false, nativeEvents: true, networkConnectionEnabled: false, pageLoadStrategy: normal, platform: XP, platformName: XP, rotatable: false, setWindowRect: true, takesHeapSnapshot: true, takesScreenshot: true, unexpectedAlertBehaviour: , unhandledPromptBehavior: , version: 77.0.3865.120, webStorageEnabled: true}
Session ID: 9490612cad8527f4e238d5f859298e85
*** Element info: {Using=xpath, value=//button[contains(text(),'COURSE')]}
at sun.reflect.NativeConstructorAccessorImpl.newInstance0(Native Method)
at sun.reflect.NativeConstructorAccessorImpl.newInstance(Unknown Source)
at sun.reflect.DelegatingConstructorAccessorImpl.newInstance(Unknown Source)
at java.lang.reflect.Constructor.newInstance(Unknown Source)
at org.openqa.selenium.remote.ErrorHandler.createThrowable(ErrorHandler.java:214)
at org.openqa.selenium.remote.ErrorHandler.throwIfResponseFailed(ErrorHandler.java:166)
at org.openqa.selenium.remote.http.JsonHttpResponseCodec.reconstructValue(JsonHttpResponseCodec.java:40)
at org.openqa.selenium.remote.http.AbstractHttpResponseCodec.decode(AbstractHttpResponseCodec.java:80)
at org.openqa.selenium.remote.http.AbstractHttpResponseCodec.decode(AbstractHttpResponseCodec.java:44)
at org.openqa.selenium.remote.HttpCommandExecutor.execute(HttpCommandExecutor.java:158)
at org.openqa.selenium.remote.service.DriverCommandExecutor.execute(DriverCommandExecutor.java:83)
at org.openqa.selenium.remote.RemoteWebDriver.execute(RemoteWebDriver.java:548)
at org.openqa.selenium.remote.RemoteWebDriver.findElement(RemoteWebDriver.java:322)
at org.openqa.selenium.remote.RemoteWebDriver.findElementByXPath(RemoteWebDriver.java:424)
at org.openqa.selenium.By$ByXPath.findElement(By.java:353)
at org.openqa.selenium.remote.RemoteWebDriver.findElement(RemoteWebDriver.java:314)
at com.wv.auto.framework.BasePage.getObj(BasePage.java:29)
at com.wv.auto.framework.BasePage.verifyText(BasePage.java:82)
at com.origin.fractal.testauto.pages.MyLearningPageNewUI.verifySubMenu(MyLearningPageNewUI.java:37)
at com.origin.fractal.testauto.steps.MyLearningStepsNewUI.verifySubMenu(MyLearningStepsNewUI.java:16)
at com.origin.fractal.testauto.test.testsuites.WebTestNewUI.testMyLearningPage0(WebTestNewUI.java:78)
at sun.reflect.NativeMethodAccessorImpl.invoke0(Native Method)
at sun.reflect.NativeMethodAccessorImpl.invoke(Unknown Source)
at sun.reflect.DelegatingMethodAccessorImpl.invoke(Unknown Source)
at java.lang.reflect.Method.invoke(Unknown Source)
at org.testng.internal.MethodInvocationHelper.invokeMethod(MethodInvocationHelper.java:124)
at org.testng.internal.Invoker.invokeMethod(Invoker.java:583)
at org.testng.internal.Invoker.invokeTestMethod(Invoker.java:719)
at org.testng.internal.Invoker.invokeTestMethods(Invoker.java:989)
at org.testng.internal.TestMethodWorker.invokeTestMethods(TestMethodWorker.java:125)
at org.testng.internal.TestMethodWorker.run(TestMethodWorker.java:109)
at org.testng.TestRunner.privateRun(TestRunner.java:648)
at org.testng.TestRunner.run(TestRunner.java:505)
at org.testng.SuiteRunner.runTest(SuiteRunner.java:455)
at org.testng.SuiteRunner.runSequentially(SuiteRunner.java:450)
at org.testng.SuiteRunner.privateRun(SuiteRunner.java:415)
at org.testng.SuiteRunner.run(SuiteRunner.java:364)
at org.testng.SuiteRunnerWorker.runSuite(SuiteRunnerWorker.java:52)
at org.testng.SuiteRunnerWorker.run(SuiteRunnerWorker.java:84)
at org.testng.TestNG.runSuitesSequentially(TestNG.java:1208)
at org.testng.TestNG.runSuitesLocally(TestNG.java:1137)
at org.testng.TestNG.runSuites(TestNG.java:1049)
at org.testng.TestNG.run(TestNG.java:1017)
at org.testng.remote.AbstractRemoteTestNG.run(AbstractRemoteTestNG.java:115)
at org.testng.remote.RemoteTestNG.initAndRun(RemoteTestNG.java:251)
at org.testng.remote.RemoteTestNG.main(RemoteTestNG.java:77)
]]>
            </full-stacktrace>
          </exception> <!-- org.openqa.selenium.NoSuchElementException -->
          <reporter-output>
          </reporter-output>
        </test-method> <!-- testMyLearningPage0 -->
<<<<<<< HEAD
        <test-method status="PASS" signature="afterMethod()[pri:0, instance:com.origin.fractal.testauto.test.testsuites.WebTestNewUI@7ff2a664]" name="afterMethod" is-config="true" duration-ms="1069" started-at="2019-12-20T04:56:23Z" finished-at="2019-12-20T04:56:24Z">
          <reporter-output>
          </reporter-output>
        </test-method> <!-- afterMethod -->
        <test-method status="PASS" signature="afterClass()[pri:0, instance:com.origin.fractal.testauto.test.testsuites.WebTestNewUI@7ff2a664]" name="afterClass" is-config="true" duration-ms="0" started-at="2019-12-20T04:56:24Z" finished-at="2019-12-20T04:56:24Z">
          <reporter-output>
          </reporter-output>
        </test-method> <!-- afterClass -->
        <test-method status="PASS" signature="afterTest()[pri:0, instance:com.origin.fractal.testauto.test.testsuites.WebTestNewUI@7ff2a664]" name="afterTest" is-config="true" duration-ms="0" started-at="2019-12-20T04:56:24Z" finished-at="2019-12-20T04:56:24Z">
          <reporter-output>
          </reporter-output>
        </test-method> <!-- afterTest -->
        <test-method status="PASS" signature="afterSuite()[pri:0, instance:com.origin.fractal.testauto.test.testsuites.WebTestNewUI@7ff2a664]" name="afterSuite" is-config="true" duration-ms="1" started-at="2019-12-20T04:56:24Z" finished-at="2019-12-20T04:56:24Z">
=======
        <test-method status="PASS" signature="afterMethod()[pri:0, instance:com.origin.fractal.testauto.test.testsuites.WebTestNewUI@709ba3fb]" name="afterMethod" is-config="true" duration-ms="197" started-at="2019-12-05T12:46:39Z" finished-at="2019-12-05T12:46:39Z">
          <reporter-output>
          </reporter-output>
        </test-method> <!-- afterMethod -->
        <test-method status="PASS" signature="afterClass()[pri:0, instance:com.origin.fractal.testauto.test.testsuites.WebTestNewUI@709ba3fb]" name="afterClass" is-config="true" duration-ms="1" started-at="2019-12-05T12:46:39Z" finished-at="2019-12-05T12:46:39Z">
          <reporter-output>
          </reporter-output>
        </test-method> <!-- afterClass -->
        <test-method status="PASS" signature="afterTest()[pri:0, instance:com.origin.fractal.testauto.test.testsuites.WebTestNewUI@709ba3fb]" name="afterTest" is-config="true" duration-ms="0" started-at="2019-12-05T12:46:39Z" finished-at="2019-12-05T12:46:39Z">
          <reporter-output>
          </reporter-output>
        </test-method> <!-- afterTest -->
        <test-method status="PASS" signature="afterSuite()[pri:0, instance:com.origin.fractal.testauto.test.testsuites.WebTestNewUI@709ba3fb]" name="afterSuite" is-config="true" duration-ms="87" started-at="2019-12-05T12:46:41Z" finished-at="2019-12-05T12:46:41Z">
>>>>>>> a1b6d640f2200d77de36e87021ffec9bd019ee46
          <reporter-output>
          </reporter-output>
        </test-method> <!-- afterSuite -->
      </class> <!-- com.origin.fractal.testauto.test.testsuites.WebTestNewUI -->
    </test> <!-- Default test -->
  </suite> <!-- Default suite -->
</testng-results>
