<?xml version="1.0" encoding="UTF-8"?>
<!-- Generated by org.testng.reporters.JUnitReportReporter -->
<testsuite skipped="0" hostname="OLSCHN-PC-0229-new" name="com.origin.fractal.testauto.test.testsuites.WebTestsMyLearning" tests="4" failures="0" timestamp="18 Sep 2019 07:05:57 GMT" time="96.896" errors="4">
  <testcase name="testMyLearningPage1" time="24.083" classname="com.origin.fractal.testauto.test.testsuites.WebTestsMyLearning">
    <error type="java.lang.Error" message="Unresolved compilation problems: 
	Implicit super constructor FractalBasePage() is undefined. Must explicitly invoke another constructor
	Syntax error on token &quot;driver&quot;, ( expected after this token
	The method driver() is undefined for the type HomePage
	Syntax error, insert &quot;;&quot; to complete Statement
	The method Label(String, By) is undefined for the type HomePage
	Syntax error, insert &quot;;&quot; to complete Statement
	The method nCategory() is undefined for the type HomePage
	Syntax error, insert &quot;;&quot; to complete Statement
	Syntax error on token &quot;)&quot;, { expected
	Syntax error, insert &quot;EnumBody&quot; to complete BlockStatement
	Syntax error, insert &quot;enum Identifier&quot; to complete EnumHeader
	The method Label(String, By) is undefined for the type HomePage
	Syntax error, insert &quot;;&quot; to complete BlockStatements
	The method yComplPercent(By) is undefined for the type HomePage
	Syntax error, insert &quot;;&quot; to complete BlockStatements
	The method Label(String, By) is undefined for the type HomePage
	Syntax error, insert &quot;;&quot; to complete BlockStatements
	The method Label(String, By) is undefined for the type HomePage
	Syntax error, insert &quot;;&quot; to complete BlockStatements
	Syntax error, insert &quot;;&quot; to complete BlockStatements
	The method nCourseslink() is undefined for the type HomePage
	Syntax error, insert &quot;;&quot; to complete Statement
	The method Label(String, By) is undefined for the type HomePage
	Syntax error, insert &quot;;&quot; to complete BlockStatements
	The method nTopArrBtn() is undefined for the type HomePage
	Syntax error, insert &quot;;&quot; to complete Statement
	The method ck(By) is undefined for the type HomePage
	Syntax error, insert &quot;;&quot; to complete BlockStatements
	Syntax error on token &quot;rlblAll&quot;, ( expected after this token
	The method rlblAll() is undefined for the type HomePage
	Syntax error, insert &quot;;&quot; to complete Statement
	Syntax error on token &quot;rlblAll&quot;, ( expected after this token
	The method rlblAll() is undefined for the type HomePage
	Syntax error, insert &quot;;&quot; to complete Statement
	Syntax error on token &quot;rlblAll&quot;, ( expected after this token
	The method rlblAll() is undefined for the type HomePage
	Syntax error, insert &quot;;&quot; to complete Statement
	Syntax error on token &quot;rlblAll&quot;, ( expected after this token
	The method rlblAll() is undefined for the type HomePage
	Syntax error, insert &quot;;&quot; to complete Statement
	Syntax error on token &quot;rlblAll&quot;, ( expected after this token
	The method rlblAll() is undefined for the type HomePage
	Syntax error, insert &quot;}&quot; to complete Statement
	Syntax error on token &quot;relblAll&quot;, ( expected after this token
	The method relblAll() is undefined for the type HomePage
	Syntax error, insert &quot;;&quot; to complete Statement
	Syntax error on token &quot;relblAll&quot;, ( expected after this token
	The method relblAll() is undefined for the type HomePage
	Syntax error, insert &quot;}&quot; to complete Statement
	Syntax error on token &quot;relblAll&quot;, ( expected after this token
	The method relblAll() is undefined for the type HomePage
	Syntax error, insert &quot;}&quot; to complete Statement
	Syntax error on token &quot;relblAll&quot;, ( expected after this token
	The method relblAll() is undefined for the type HomePage
	Syntax error, insert &quot;}&quot; to complete Statement
	Syntax error on token &quot;relblAll&quot;, ( expected after this token
	The method relblAll() is undefined for the type HomePage
	Syntax error on token &quot;}&quot;, delete this token
	Syntax error on token &quot;mostlblAll&quot;, ( expected after this token
	The method mostlblAll() is undefined for the type HomePage
	Syntax error, insert &quot;;&quot; to complete Statement
	Syntax error on token &quot;mostlblAll&quot;, ( expected after this token
	The method mostlblAll() is undefined for the type HomePage
	Syntax error, insert &quot;}&quot; to complete Statement
	Syntax error on token &quot;mostlblAll&quot;, ( expected after this token
	The method mostlblAll() is undefined for the type HomePage
	Syntax error, insert &quot;}&quot; to complete Statement
	Syntax error on token &quot;mostlblAll&quot;, ( expected after this token
	The method mostlblAll() is undefined for the type HomePage
	Syntax error, insert &quot;}&quot; to complete Statement
	Syntax error on token &quot;mostlblAll&quot;, ( expected after this token
	The method mostlblAll() is undefined for the type HomePage
	Syntax error on token &quot;}&quot;, delete this token
	Unexpected end of comment
	The method tExist(By) is undefined for the type HomePage
	Syntax error on token &quot;}&quot;, delete this token
	Unexpected end of comment
	learningItemTitle1 cannot be resolved to a variable
	learningItemTitle1 cannot be resolved to a variable
	Syntax error on token &quot;}&quot;, delete this token
	Unexpected end of comment
	Syntax error on token &quot;btnContinue&quot;, ( expected after this token
	The method btnContinue() is undefined for the type HomePage
	Syntax error, insert &quot;;&quot; to complete Statement
	The method entExist(By) is undefined for the type HomePage
	Syntax error on token &quot;)&quot;, ; expected
	Syntax error, insert &quot;}&quot; to complete Block
	Syntax error, insert &quot;AssignmentOperator Expression&quot; to complete Expression
	Syntax error, insert &quot;;&quot; to complete Statement
	Syntax error on token &quot;homeLink&quot;, ( expected after this token
	Syntax error on token &quot;}&quot;, delete this token
	Syntax error on token &quot;rlblAll&quot;, ( expected after this token
	Syntax error, insert &quot;;&quot; to complete Statement
	Syntax error, insert &quot;;&quot; to complete Statement
	Syntax error on token &quot;)&quot;, ++ expected
	Syntax error on token &quot;)&quot;, { expected
	Syntax error on token &quot;)&quot;, delete this token
	Syntax error on token &quot;)&quot;, delete this token
	Syntax error, insert &quot;;&quot; to complete Statement
	Syntax error on token &quot;}&quot;, { expected
">
      <![CDATA[java.lang.Error: Unresolved compilation problems: 
Implicit super constructor FractalBasePage() is undefined. Must explicitly invoke another constructor
Syntax error on token "driver", ( expected after this token
The method driver() is undefined for the type HomePage
Syntax error, insert ";" to complete Statement
The method Label(String, By) is undefined for the type HomePage
Syntax error, insert ";" to complete Statement
The method nCategory() is undefined for the type HomePage
Syntax error, insert ";" to complete Statement
Syntax error on token ")", { expected
Syntax error, insert "EnumBody" to complete BlockStatement
Syntax error, insert "enum Identifier" to complete EnumHeader
The method Label(String, By) is undefined for the type HomePage
Syntax error, insert ";" to complete BlockStatements
The method yComplPercent(By) is undefined for the type HomePage
Syntax error, insert ";" to complete BlockStatements
The method Label(String, By) is undefined for the type HomePage
Syntax error, insert ";" to complete BlockStatements
The method Label(String, By) is undefined for the type HomePage
Syntax error, insert ";" to complete BlockStatements
Syntax error, insert ";" to complete BlockStatements
The method nCourseslink() is undefined for the type HomePage
Syntax error, insert ";" to complete Statement
The method Label(String, By) is undefined for the type HomePage
Syntax error, insert ";" to complete BlockStatements
The method nTopArrBtn() is undefined for the type HomePage
Syntax error, insert ";" to complete Statement
The method ck(By) is undefined for the type HomePage
Syntax error, insert ";" to complete BlockStatements
Syntax error on token "rlblAll", ( expected after this token
The method rlblAll() is undefined for the type HomePage
Syntax error, insert ";" to complete Statement
Syntax error on token "rlblAll", ( expected after this token
The method rlblAll() is undefined for the type HomePage
Syntax error, insert ";" to complete Statement
Syntax error on token "rlblAll", ( expected after this token
The method rlblAll() is undefined for the type HomePage
Syntax error, insert ";" to complete Statement
Syntax error on token "rlblAll", ( expected after this token
The method rlblAll() is undefined for the type HomePage
Syntax error, insert ";" to complete Statement
Syntax error on token "rlblAll", ( expected after this token
The method rlblAll() is undefined for the type HomePage
Syntax error, insert "}" to complete Statement
Syntax error on token "relblAll", ( expected after this token
The method relblAll() is undefined for the type HomePage
Syntax error, insert ";" to complete Statement
Syntax error on token "relblAll", ( expected after this token
The method relblAll() is undefined for the type HomePage
Syntax error, insert "}" to complete Statement
Syntax error on token "relblAll", ( expected after this token
The method relblAll() is undefined for the type HomePage
Syntax error, insert "}" to complete Statement
Syntax error on token "relblAll", ( expected after this token
The method relblAll() is undefined for the type HomePage
Syntax error, insert "}" to complete Statement
Syntax error on token "relblAll", ( expected after this token
The method relblAll() is undefined for the type HomePage
Syntax error on token "}", delete this token
Syntax error on token "mostlblAll", ( expected after this token
The method mostlblAll() is undefined for the type HomePage
Syntax error, insert ";" to complete Statement
Syntax error on token "mostlblAll", ( expected after this token
The method mostlblAll() is undefined for the type HomePage
Syntax error, insert "}" to complete Statement
Syntax error on token "mostlblAll", ( expected after this token
The method mostlblAll() is undefined for the type HomePage
Syntax error, insert "}" to complete Statement
Syntax error on token "mostlblAll", ( expected after this token
The method mostlblAll() is undefined for the type HomePage
Syntax error, insert "}" to complete Statement
Syntax error on token "mostlblAll", ( expected after this token
The method mostlblAll() is undefined for the type HomePage
Syntax error on token "}", delete this token
Unexpected end of comment
The method tExist(By) is undefined for the type HomePage
Syntax error on token "}", delete this token
Unexpected end of comment
learningItemTitle1 cannot be resolved to a variable
learningItemTitle1 cannot be resolved to a variable
Syntax error on token "}", delete this token
Unexpected end of comment
Syntax error on token "btnContinue", ( expected after this token
The method btnContinue() is undefined for the type HomePage
Syntax error, insert ";" to complete Statement
The method entExist(By) is undefined for the type HomePage
Syntax error on token ")", ; expected
Syntax error, insert "}" to complete Block
Syntax error, insert "AssignmentOperator Expression" to complete Expression
Syntax error, insert ";" to complete Statement
Syntax error on token "homeLink", ( expected after this token
Syntax error on token "}", delete this token
Syntax error on token "rlblAll", ( expected after this token
Syntax error, insert ";" to complete Statement
Syntax error, insert ";" to complete Statement
Syntax error on token ")", ++ expected
Syntax error on token ")", { expected
Syntax error on token ")", delete this token
Syntax error on token ")", delete this token
Syntax error, insert ";" to complete Statement
Syntax error on token "}", { expected

at com.origin.fractal.testauto.pages.HomePage.<init>(HomePage.java:1)
at com.origin.fractal.testauto.steps.HomeSteps.<init>(HomeSteps.java:14)
at com.origin.fractal.testauto.test.testsuites.WebTestsMyLearning.testMyLearningPage1(WebTestsMyLearning.java:55)
at sun.reflect.NativeMethodAccessorImpl.invoke0(Native Method)
at sun.reflect.NativeMethodAccessorImpl.invoke(Unknown Source)
at sun.reflect.DelegatingMethodAccessorImpl.invoke(Unknown Source)
at java.lang.reflect.Method.invoke(Unknown Source)
at org.testng.internal.MethodInvocationHelper.invokeMethod(MethodInvocationHelper.java:124)
at org.testng.internal.Invoker.invokeMethod(Invoker.java:583)
at org.testng.internal.Invoker.invokeTestMethod(Invoker.java:719)
at org.testng.internal.Invoker.invokeTestMethods(Invoker.java:989)
at org.testng.internal.TestMethodWorker.invokeTestMethods(TestMethodWorker.java:125)
at org.testng.internal.TestMethodWorker.run(TestMethodWorker.java:109)
at org.testng.TestRunner.privateRun(TestRunner.java:648)
at org.testng.TestRunner.run(TestRunner.java:505)
at org.testng.SuiteRunner.runTest(SuiteRunner.java:455)
at org.testng.SuiteRunner.runSequentially(SuiteRunner.java:450)
at org.testng.SuiteRunner.privateRun(SuiteRunner.java:415)
at org.testng.SuiteRunner.run(SuiteRunner.java:364)
at org.testng.SuiteRunnerWorker.runSuite(SuiteRunnerWorker.java:52)
at org.testng.SuiteRunnerWorker.run(SuiteRunnerWorker.java:84)
at org.testng.TestNG.runSuitesSequentially(TestNG.java:1208)
at org.testng.TestNG.runSuitesLocally(TestNG.java:1137)
at org.testng.TestNG.runSuites(TestNG.java:1049)
at org.testng.TestNG.run(TestNG.java:1017)
at org.testng.remote.AbstractRemoteTestNG.run(AbstractRemoteTestNG.java:114)
at org.testng.remote.RemoteTestNG.initAndRun(RemoteTestNG.java:251)
at org.testng.remote.RemoteTestNG.main(RemoteTestNG.java:77)
]]>
    </error>
  </testcase> <!-- testMyLearningPage1 -->
  <testcase name="testMyLearningPage0" time="24.710" classname="com.origin.fractal.testauto.test.testsuites.WebTestsMyLearning">
    <error type="java.lang.Error" message="Unresolved compilation problems: 
	Implicit super constructor FractalBasePage() is undefined. Must explicitly invoke another constructor
	Syntax error on token &quot;driver&quot;, ( expected after this token
	The method driver() is undefined for the type HomePage
	Syntax error, insert &quot;;&quot; to complete Statement
	The method Label(String, By) is undefined for the type HomePage
	Syntax error, insert &quot;;&quot; to complete Statement
	The method nCategory() is undefined for the type HomePage
	Syntax error, insert &quot;;&quot; to complete Statement
	Syntax error on token &quot;)&quot;, { expected
	Syntax error, insert &quot;EnumBody&quot; to complete BlockStatement
	Syntax error, insert &quot;enum Identifier&quot; to complete EnumHeader
	The method Label(String, By) is undefined for the type HomePage
	Syntax error, insert &quot;;&quot; to complete BlockStatements
	The method yComplPercent(By) is undefined for the type HomePage
	Syntax error, insert &quot;;&quot; to complete BlockStatements
	The method Label(String, By) is undefined for the type HomePage
	Syntax error, insert &quot;;&quot; to complete BlockStatements
	The method Label(String, By) is undefined for the type HomePage
	Syntax error, insert &quot;;&quot; to complete BlockStatements
	Syntax error, insert &quot;;&quot; to complete BlockStatements
	The method nCourseslink() is undefined for the type HomePage
	Syntax error, insert &quot;;&quot; to complete Statement
	The method Label(String, By) is undefined for the type HomePage
	Syntax error, insert &quot;;&quot; to complete BlockStatements
	The method nTopArrBtn() is undefined for the type HomePage
	Syntax error, insert &quot;;&quot; to complete Statement
	The method ck(By) is undefined for the type HomePage
	Syntax error, insert &quot;;&quot; to complete BlockStatements
	Syntax error on token &quot;rlblAll&quot;, ( expected after this token
	The method rlblAll() is undefined for the type HomePage
	Syntax error, insert &quot;;&quot; to complete Statement
	Syntax error on token &quot;rlblAll&quot;, ( expected after this token
	The method rlblAll() is undefined for the type HomePage
	Syntax error, insert &quot;;&quot; to complete Statement
	Syntax error on token &quot;rlblAll&quot;, ( expected after this token
	The method rlblAll() is undefined for the type HomePage
	Syntax error, insert &quot;;&quot; to complete Statement
	Syntax error on token &quot;rlblAll&quot;, ( expected after this token
	The method rlblAll() is undefined for the type HomePage
	Syntax error, insert &quot;;&quot; to complete Statement
	Syntax error on token &quot;rlblAll&quot;, ( expected after this token
	The method rlblAll() is undefined for the type HomePage
	Syntax error, insert &quot;}&quot; to complete Statement
	Syntax error on token &quot;relblAll&quot;, ( expected after this token
	The method relblAll() is undefined for the type HomePage
	Syntax error, insert &quot;;&quot; to complete Statement
	Syntax error on token &quot;relblAll&quot;, ( expected after this token
	The method relblAll() is undefined for the type HomePage
	Syntax error, insert &quot;}&quot; to complete Statement
	Syntax error on token &quot;relblAll&quot;, ( expected after this token
	The method relblAll() is undefined for the type HomePage
	Syntax error, insert &quot;}&quot; to complete Statement
	Syntax error on token &quot;relblAll&quot;, ( expected after this token
	The method relblAll() is undefined for the type HomePage
	Syntax error, insert &quot;}&quot; to complete Statement
	Syntax error on token &quot;relblAll&quot;, ( expected after this token
	The method relblAll() is undefined for the type HomePage
	Syntax error on token &quot;}&quot;, delete this token
	Syntax error on token &quot;mostlblAll&quot;, ( expected after this token
	The method mostlblAll() is undefined for the type HomePage
	Syntax error, insert &quot;;&quot; to complete Statement
	Syntax error on token &quot;mostlblAll&quot;, ( expected after this token
	The method mostlblAll() is undefined for the type HomePage
	Syntax error, insert &quot;}&quot; to complete Statement
	Syntax error on token &quot;mostlblAll&quot;, ( expected after this token
	The method mostlblAll() is undefined for the type HomePage
	Syntax error, insert &quot;}&quot; to complete Statement
	Syntax error on token &quot;mostlblAll&quot;, ( expected after this token
	The method mostlblAll() is undefined for the type HomePage
	Syntax error, insert &quot;}&quot; to complete Statement
	Syntax error on token &quot;mostlblAll&quot;, ( expected after this token
	The method mostlblAll() is undefined for the type HomePage
	Syntax error on token &quot;}&quot;, delete this token
	Unexpected end of comment
	The method tExist(By) is undefined for the type HomePage
	Syntax error on token &quot;}&quot;, delete this token
	Unexpected end of comment
	learningItemTitle1 cannot be resolved to a variable
	learningItemTitle1 cannot be resolved to a variable
	Syntax error on token &quot;}&quot;, delete this token
	Unexpected end of comment
	Syntax error on token &quot;btnContinue&quot;, ( expected after this token
	The method btnContinue() is undefined for the type HomePage
	Syntax error, insert &quot;;&quot; to complete Statement
	The method entExist(By) is undefined for the type HomePage
	Syntax error on token &quot;)&quot;, ; expected
	Syntax error, insert &quot;}&quot; to complete Block
	Syntax error, insert &quot;AssignmentOperator Expression&quot; to complete Expression
	Syntax error, insert &quot;;&quot; to complete Statement
	Syntax error on token &quot;homeLink&quot;, ( expected after this token
	Syntax error on token &quot;}&quot;, delete this token
	Syntax error on token &quot;rlblAll&quot;, ( expected after this token
	Syntax error, insert &quot;;&quot; to complete Statement
	Syntax error, insert &quot;;&quot; to complete Statement
	Syntax error on token &quot;)&quot;, ++ expected
	Syntax error on token &quot;)&quot;, { expected
	Syntax error on token &quot;)&quot;, delete this token
	Syntax error on token &quot;)&quot;, delete this token
	Syntax error, insert &quot;;&quot; to complete Statement
	Syntax error on token &quot;}&quot;, { expected
">
      <![CDATA[java.lang.Error: Unresolved compilation problems: 
Implicit super constructor FractalBasePage() is undefined. Must explicitly invoke another constructor
Syntax error on token "driver", ( expected after this token
The method driver() is undefined for the type HomePage
Syntax error, insert ";" to complete Statement
The method Label(String, By) is undefined for the type HomePage
Syntax error, insert ";" to complete Statement
The method nCategory() is undefined for the type HomePage
Syntax error, insert ";" to complete Statement
Syntax error on token ")", { expected
Syntax error, insert "EnumBody" to complete BlockStatement
Syntax error, insert "enum Identifier" to complete EnumHeader
The method Label(String, By) is undefined for the type HomePage
Syntax error, insert ";" to complete BlockStatements
The method yComplPercent(By) is undefined for the type HomePage
Syntax error, insert ";" to complete BlockStatements
The method Label(String, By) is undefined for the type HomePage
Syntax error, insert ";" to complete BlockStatements
The method Label(String, By) is undefined for the type HomePage
Syntax error, insert ";" to complete BlockStatements
Syntax error, insert ";" to complete BlockStatements
The method nCourseslink() is undefined for the type HomePage
Syntax error, insert ";" to complete Statement
The method Label(String, By) is undefined for the type HomePage
Syntax error, insert ";" to complete BlockStatements
The method nTopArrBtn() is undefined for the type HomePage
Syntax error, insert ";" to complete Statement
The method ck(By) is undefined for the type HomePage
Syntax error, insert ";" to complete BlockStatements
Syntax error on token "rlblAll", ( expected after this token
The method rlblAll() is undefined for the type HomePage
Syntax error, insert ";" to complete Statement
Syntax error on token "rlblAll", ( expected after this token
The method rlblAll() is undefined for the type HomePage
Syntax error, insert ";" to complete Statement
Syntax error on token "rlblAll", ( expected after this token
The method rlblAll() is undefined for the type HomePage
Syntax error, insert ";" to complete Statement
Syntax error on token "rlblAll", ( expected after this token
The method rlblAll() is undefined for the type HomePage
Syntax error, insert ";" to complete Statement
Syntax error on token "rlblAll", ( expected after this token
The method rlblAll() is undefined for the type HomePage
Syntax error, insert "}" to complete Statement
Syntax error on token "relblAll", ( expected after this token
The method relblAll() is undefined for the type HomePage
Syntax error, insert ";" to complete Statement
Syntax error on token "relblAll", ( expected after this token
The method relblAll() is undefined for the type HomePage
Syntax error, insert "}" to complete Statement
Syntax error on token "relblAll", ( expected after this token
The method relblAll() is undefined for the type HomePage
Syntax error, insert "}" to complete Statement
Syntax error on token "relblAll", ( expected after this token
The method relblAll() is undefined for the type HomePage
Syntax error, insert "}" to complete Statement
Syntax error on token "relblAll", ( expected after this token
The method relblAll() is undefined for the type HomePage
Syntax error on token "}", delete this token
Syntax error on token "mostlblAll", ( expected after this token
The method mostlblAll() is undefined for the type HomePage
Syntax error, insert ";" to complete Statement
Syntax error on token "mostlblAll", ( expected after this token
The method mostlblAll() is undefined for the type HomePage
Syntax error, insert "}" to complete Statement
Syntax error on token "mostlblAll", ( expected after this token
The method mostlblAll() is undefined for the type HomePage
Syntax error, insert "}" to complete Statement
Syntax error on token "mostlblAll", ( expected after this token
The method mostlblAll() is undefined for the type HomePage
Syntax error, insert "}" to complete Statement
Syntax error on token "mostlblAll", ( expected after this token
The method mostlblAll() is undefined for the type HomePage
Syntax error on token "}", delete this token
Unexpected end of comment
The method tExist(By) is undefined for the type HomePage
Syntax error on token "}", delete this token
Unexpected end of comment
learningItemTitle1 cannot be resolved to a variable
learningItemTitle1 cannot be resolved to a variable
Syntax error on token "}", delete this token
Unexpected end of comment
Syntax error on token "btnContinue", ( expected after this token
The method btnContinue() is undefined for the type HomePage
Syntax error, insert ";" to complete Statement
The method entExist(By) is undefined for the type HomePage
Syntax error on token ")", ; expected
Syntax error, insert "}" to complete Block
Syntax error, insert "AssignmentOperator Expression" to complete Expression
Syntax error, insert ";" to complete Statement
Syntax error on token "homeLink", ( expected after this token
Syntax error on token "}", delete this token
Syntax error on token "rlblAll", ( expected after this token
Syntax error, insert ";" to complete Statement
Syntax error, insert ";" to complete Statement
Syntax error on token ")", ++ expected
Syntax error on token ")", { expected
Syntax error on token ")", delete this token
Syntax error on token ")", delete this token
Syntax error, insert ";" to complete Statement
Syntax error on token "}", { expected

at com.origin.fractal.testauto.pages.HomePage.<init>(HomePage.java:1)
at com.origin.fractal.testauto.steps.HomeSteps.<init>(HomeSteps.java:14)
at com.origin.fractal.testauto.test.testsuites.WebTestsMyLearning.testMyLearningPage0(WebTestsMyLearning.java:26)
at sun.reflect.NativeMethodAccessorImpl.invoke0(Native Method)
at sun.reflect.NativeMethodAccessorImpl.invoke(Unknown Source)
at sun.reflect.DelegatingMethodAccessorImpl.invoke(Unknown Source)
at java.lang.reflect.Method.invoke(Unknown Source)
at org.testng.internal.MethodInvocationHelper.invokeMethod(MethodInvocationHelper.java:124)
at org.testng.internal.Invoker.invokeMethod(Invoker.java:583)
at org.testng.internal.Invoker.invokeTestMethod(Invoker.java:719)
at org.testng.internal.Invoker.invokeTestMethods(Invoker.java:989)
at org.testng.internal.TestMethodWorker.invokeTestMethods(TestMethodWorker.java:125)
at org.testng.internal.TestMethodWorker.run(TestMethodWorker.java:109)
at org.testng.TestRunner.privateRun(TestRunner.java:648)
at org.testng.TestRunner.run(TestRunner.java:505)
at org.testng.SuiteRunner.runTest(SuiteRunner.java:455)
at org.testng.SuiteRunner.runSequentially(SuiteRunner.java:450)
at org.testng.SuiteRunner.privateRun(SuiteRunner.java:415)
at org.testng.SuiteRunner.run(SuiteRunner.java:364)
at org.testng.SuiteRunnerWorker.runSuite(SuiteRunnerWorker.java:52)
at org.testng.SuiteRunnerWorker.run(SuiteRunnerWorker.java:84)
at org.testng.TestNG.runSuitesSequentially(TestNG.java:1208)
at org.testng.TestNG.runSuitesLocally(TestNG.java:1137)
at org.testng.TestNG.runSuites(TestNG.java:1049)
at org.testng.TestNG.run(TestNG.java:1017)
at org.testng.remote.AbstractRemoteTestNG.run(AbstractRemoteTestNG.java:114)
at org.testng.remote.RemoteTestNG.initAndRun(RemoteTestNG.java:251)
at org.testng.remote.RemoteTestNG.main(RemoteTestNG.java:77)
]]>
    </error>
  </testcase> <!-- testMyLearningPage0 -->
  <testcase name="testMyLearningPage2" time="24.029" classname="com.origin.fractal.testauto.test.testsuites.WebTestsMyLearning">
    <error type="java.lang.Error" message="Unresolved compilation problems: 
	Implicit super constructor FractalBasePage() is undefined. Must explicitly invoke another constructor
	Syntax error on token &quot;driver&quot;, ( expected after this token
	The method driver() is undefined for the type HomePage
	Syntax error, insert &quot;;&quot; to complete Statement
	The method Label(String, By) is undefined for the type HomePage
	Syntax error, insert &quot;;&quot; to complete Statement
	The method nCategory() is undefined for the type HomePage
	Syntax error, insert &quot;;&quot; to complete Statement
	Syntax error on token &quot;)&quot;, { expected
	Syntax error, insert &quot;EnumBody&quot; to complete BlockStatement
	Syntax error, insert &quot;enum Identifier&quot; to complete EnumHeader
	The method Label(String, By) is undefined for the type HomePage
	Syntax error, insert &quot;;&quot; to complete BlockStatements
	The method yComplPercent(By) is undefined for the type HomePage
	Syntax error, insert &quot;;&quot; to complete BlockStatements
	The method Label(String, By) is undefined for the type HomePage
	Syntax error, insert &quot;;&quot; to complete BlockStatements
	The method Label(String, By) is undefined for the type HomePage
	Syntax error, insert &quot;;&quot; to complete BlockStatements
	Syntax error, insert &quot;;&quot; to complete BlockStatements
	The method nCourseslink() is undefined for the type HomePage
	Syntax error, insert &quot;;&quot; to complete Statement
	The method Label(String, By) is undefined for the type HomePage
	Syntax error, insert &quot;;&quot; to complete BlockStatements
	The method nTopArrBtn() is undefined for the type HomePage
	Syntax error, insert &quot;;&quot; to complete Statement
	The method ck(By) is undefined for the type HomePage
	Syntax error, insert &quot;;&quot; to complete BlockStatements
	Syntax error on token &quot;rlblAll&quot;, ( expected after this token
	The method rlblAll() is undefined for the type HomePage
	Syntax error, insert &quot;;&quot; to complete Statement
	Syntax error on token &quot;rlblAll&quot;, ( expected after this token
	The method rlblAll() is undefined for the type HomePage
	Syntax error, insert &quot;;&quot; to complete Statement
	Syntax error on token &quot;rlblAll&quot;, ( expected after this token
	The method rlblAll() is undefined for the type HomePage
	Syntax error, insert &quot;;&quot; to complete Statement
	Syntax error on token &quot;rlblAll&quot;, ( expected after this token
	The method rlblAll() is undefined for the type HomePage
	Syntax error, insert &quot;;&quot; to complete Statement
	Syntax error on token &quot;rlblAll&quot;, ( expected after this token
	The method rlblAll() is undefined for the type HomePage
	Syntax error, insert &quot;}&quot; to complete Statement
	Syntax error on token &quot;relblAll&quot;, ( expected after this token
	The method relblAll() is undefined for the type HomePage
	Syntax error, insert &quot;;&quot; to complete Statement
	Syntax error on token &quot;relblAll&quot;, ( expected after this token
	The method relblAll() is undefined for the type HomePage
	Syntax error, insert &quot;}&quot; to complete Statement
	Syntax error on token &quot;relblAll&quot;, ( expected after this token
	The method relblAll() is undefined for the type HomePage
	Syntax error, insert &quot;}&quot; to complete Statement
	Syntax error on token &quot;relblAll&quot;, ( expected after this token
	The method relblAll() is undefined for the type HomePage
	Syntax error, insert &quot;}&quot; to complete Statement
	Syntax error on token &quot;relblAll&quot;, ( expected after this token
	The method relblAll() is undefined for the type HomePage
	Syntax error on token &quot;}&quot;, delete this token
	Syntax error on token &quot;mostlblAll&quot;, ( expected after this token
	The method mostlblAll() is undefined for the type HomePage
	Syntax error, insert &quot;;&quot; to complete Statement
	Syntax error on token &quot;mostlblAll&quot;, ( expected after this token
	The method mostlblAll() is undefined for the type HomePage
	Syntax error, insert &quot;}&quot; to complete Statement
	Syntax error on token &quot;mostlblAll&quot;, ( expected after this token
	The method mostlblAll() is undefined for the type HomePage
	Syntax error, insert &quot;}&quot; to complete Statement
	Syntax error on token &quot;mostlblAll&quot;, ( expected after this token
	The method mostlblAll() is undefined for the type HomePage
	Syntax error, insert &quot;}&quot; to complete Statement
	Syntax error on token &quot;mostlblAll&quot;, ( expected after this token
	The method mostlblAll() is undefined for the type HomePage
	Syntax error on token &quot;}&quot;, delete this token
	Unexpected end of comment
	The method tExist(By) is undefined for the type HomePage
	Syntax error on token &quot;}&quot;, delete this token
	Unexpected end of comment
	learningItemTitle1 cannot be resolved to a variable
	learningItemTitle1 cannot be resolved to a variable
	Syntax error on token &quot;}&quot;, delete this token
	Unexpected end of comment
	Syntax error on token &quot;btnContinue&quot;, ( expected after this token
	The method btnContinue() is undefined for the type HomePage
	Syntax error, insert &quot;;&quot; to complete Statement
	The method entExist(By) is undefined for the type HomePage
	Syntax error on token &quot;)&quot;, ; expected
	Syntax error, insert &quot;}&quot; to complete Block
	Syntax error, insert &quot;AssignmentOperator Expression&quot; to complete Expression
	Syntax error, insert &quot;;&quot; to complete Statement
	Syntax error on token &quot;homeLink&quot;, ( expected after this token
	Syntax error on token &quot;}&quot;, delete this token
	Syntax error on token &quot;rlblAll&quot;, ( expected after this token
	Syntax error, insert &quot;;&quot; to complete Statement
	Syntax error, insert &quot;;&quot; to complete Statement
	Syntax error on token &quot;)&quot;, ++ expected
	Syntax error on token &quot;)&quot;, { expected
	Syntax error on token &quot;)&quot;, delete this token
	Syntax error on token &quot;)&quot;, delete this token
	Syntax error, insert &quot;;&quot; to complete Statement
	Syntax error on token &quot;}&quot;, { expected
">
      <![CDATA[java.lang.Error: Unresolved compilation problems: 
Implicit super constructor FractalBasePage() is undefined. Must explicitly invoke another constructor
Syntax error on token "driver", ( expected after this token
The method driver() is undefined for the type HomePage
Syntax error, insert ";" to complete Statement
The method Label(String, By) is undefined for the type HomePage
Syntax error, insert ";" to complete Statement
The method nCategory() is undefined for the type HomePage
Syntax error, insert ";" to complete Statement
Syntax error on token ")", { expected
Syntax error, insert "EnumBody" to complete BlockStatement
Syntax error, insert "enum Identifier" to complete EnumHeader
The method Label(String, By) is undefined for the type HomePage
Syntax error, insert ";" to complete BlockStatements
The method yComplPercent(By) is undefined for the type HomePage
Syntax error, insert ";" to complete BlockStatements
The method Label(String, By) is undefined for the type HomePage
Syntax error, insert ";" to complete BlockStatements
The method Label(String, By) is undefined for the type HomePage
Syntax error, insert ";" to complete BlockStatements
Syntax error, insert ";" to complete BlockStatements
The method nCourseslink() is undefined for the type HomePage
Syntax error, insert ";" to complete Statement
The method Label(String, By) is undefined for the type HomePage
Syntax error, insert ";" to complete BlockStatements
The method nTopArrBtn() is undefined for the type HomePage
Syntax error, insert ";" to complete Statement
The method ck(By) is undefined for the type HomePage
Syntax error, insert ";" to complete BlockStatements
Syntax error on token "rlblAll", ( expected after this token
The method rlblAll() is undefined for the type HomePage
Syntax error, insert ";" to complete Statement
Syntax error on token "rlblAll", ( expected after this token
The method rlblAll() is undefined for the type HomePage
Syntax error, insert ";" to complete Statement
Syntax error on token "rlblAll", ( expected after this token
The method rlblAll() is undefined for the type HomePage
Syntax error, insert ";" to complete Statement
Syntax error on token "rlblAll", ( expected after this token
The method rlblAll() is undefined for the type HomePage
Syntax error, insert ";" to complete Statement
Syntax error on token "rlblAll", ( expected after this token
The method rlblAll() is undefined for the type HomePage
Syntax error, insert "}" to complete Statement
Syntax error on token "relblAll", ( expected after this token
The method relblAll() is undefined for the type HomePage
Syntax error, insert ";" to complete Statement
Syntax error on token "relblAll", ( expected after this token
The method relblAll() is undefined for the type HomePage
Syntax error, insert "}" to complete Statement
Syntax error on token "relblAll", ( expected after this token
The method relblAll() is undefined for the type HomePage
Syntax error, insert "}" to complete Statement
Syntax error on token "relblAll", ( expected after this token
The method relblAll() is undefined for the type HomePage
Syntax error, insert "}" to complete Statement
Syntax error on token "relblAll", ( expected after this token
The method relblAll() is undefined for the type HomePage
Syntax error on token "}", delete this token
Syntax error on token "mostlblAll", ( expected after this token
The method mostlblAll() is undefined for the type HomePage
Syntax error, insert ";" to complete Statement
Syntax error on token "mostlblAll", ( expected after this token
The method mostlblAll() is undefined for the type HomePage
Syntax error, insert "}" to complete Statement
Syntax error on token "mostlblAll", ( expected after this token
The method mostlblAll() is undefined for the type HomePage
Syntax error, insert "}" to complete Statement
Syntax error on token "mostlblAll", ( expected after this token
The method mostlblAll() is undefined for the type HomePage
Syntax error, insert "}" to complete Statement
Syntax error on token "mostlblAll", ( expected after this token
The method mostlblAll() is undefined for the type HomePage
Syntax error on token "}", delete this token
Unexpected end of comment
The method tExist(By) is undefined for the type HomePage
Syntax error on token "}", delete this token
Unexpected end of comment
learningItemTitle1 cannot be resolved to a variable
learningItemTitle1 cannot be resolved to a variable
Syntax error on token "}", delete this token
Unexpected end of comment
Syntax error on token "btnContinue", ( expected after this token
The method btnContinue() is undefined for the type HomePage
Syntax error, insert ";" to complete Statement
The method entExist(By) is undefined for the type HomePage
Syntax error on token ")", ; expected
Syntax error, insert "}" to complete Block
Syntax error, insert "AssignmentOperator Expression" to complete Expression
Syntax error, insert ";" to complete Statement
Syntax error on token "homeLink", ( expected after this token
Syntax error on token "}", delete this token
Syntax error on token "rlblAll", ( expected after this token
Syntax error, insert ";" to complete Statement
Syntax error, insert ";" to complete Statement
Syntax error on token ")", ++ expected
Syntax error on token ")", { expected
Syntax error on token ")", delete this token
Syntax error on token ")", delete this token
Syntax error, insert ";" to complete Statement
Syntax error on token "}", { expected

at com.origin.fractal.testauto.pages.HomePage.<init>(HomePage.java:1)
at com.origin.fractal.testauto.steps.HomeSteps.<init>(HomeSteps.java:14)
at com.origin.fractal.testauto.test.testsuites.WebTestsMyLearning.testMyLearningPage2(WebTestsMyLearning.java:90)
at sun.reflect.NativeMethodAccessorImpl.invoke0(Native Method)
at sun.reflect.NativeMethodAccessorImpl.invoke(Unknown Source)
at sun.reflect.DelegatingMethodAccessorImpl.invoke(Unknown Source)
at java.lang.reflect.Method.invoke(Unknown Source)
at org.testng.internal.MethodInvocationHelper.invokeMethod(MethodInvocationHelper.java:124)
at org.testng.internal.Invoker.invokeMethod(Invoker.java:583)
at org.testng.internal.Invoker.invokeTestMethod(Invoker.java:719)
at org.testng.internal.Invoker.invokeTestMethods(Invoker.java:989)
at org.testng.internal.TestMethodWorker.invokeTestMethods(TestMethodWorker.java:125)
at org.testng.internal.TestMethodWorker.run(TestMethodWorker.java:109)
at org.testng.TestRunner.privateRun(TestRunner.java:648)
at org.testng.TestRunner.run(TestRunner.java:505)
at org.testng.SuiteRunner.runTest(SuiteRunner.java:455)
at org.testng.SuiteRunner.runSequentially(SuiteRunner.java:450)
at org.testng.SuiteRunner.privateRun(SuiteRunner.java:415)
at org.testng.SuiteRunner.run(SuiteRunner.java:364)
at org.testng.SuiteRunnerWorker.runSuite(SuiteRunnerWorker.java:52)
at org.testng.SuiteRunnerWorker.run(SuiteRunnerWorker.java:84)
at org.testng.TestNG.runSuitesSequentially(TestNG.java:1208)
at org.testng.TestNG.runSuitesLocally(TestNG.java:1137)
at org.testng.TestNG.runSuites(TestNG.java:1049)
at org.testng.TestNG.run(TestNG.java:1017)
at org.testng.remote.AbstractRemoteTestNG.run(AbstractRemoteTestNG.java:114)
at org.testng.remote.RemoteTestNG.initAndRun(RemoteTestNG.java:251)
at org.testng.remote.RemoteTestNG.main(RemoteTestNG.java:77)
]]>
    </error>
  </testcase> <!-- testMyLearningPage2 -->
  <testcase name="testMyLearningPage3" time="24.074" classname="com.origin.fractal.testauto.test.testsuites.WebTestsMyLearning">
    <error type="java.lang.Error" message="Unresolved compilation problems: 
	Implicit super constructor FractalBasePage() is undefined. Must explicitly invoke another constructor
	Syntax error on token &quot;driver&quot;, ( expected after this token
	The method driver() is undefined for the type HomePage
	Syntax error, insert &quot;;&quot; to complete Statement
	The method Label(String, By) is undefined for the type HomePage
	Syntax error, insert &quot;;&quot; to complete Statement
	The method nCategory() is undefined for the type HomePage
	Syntax error, insert &quot;;&quot; to complete Statement
	Syntax error on token &quot;)&quot;, { expected
	Syntax error, insert &quot;EnumBody&quot; to complete BlockStatement
	Syntax error, insert &quot;enum Identifier&quot; to complete EnumHeader
	The method Label(String, By) is undefined for the type HomePage
	Syntax error, insert &quot;;&quot; to complete BlockStatements
	The method yComplPercent(By) is undefined for the type HomePage
	Syntax error, insert &quot;;&quot; to complete BlockStatements
	The method Label(String, By) is undefined for the type HomePage
	Syntax error, insert &quot;;&quot; to complete BlockStatements
	The method Label(String, By) is undefined for the type HomePage
	Syntax error, insert &quot;;&quot; to complete BlockStatements
	Syntax error, insert &quot;;&quot; to complete BlockStatements
	The method nCourseslink() is undefined for the type HomePage
	Syntax error, insert &quot;;&quot; to complete Statement
	The method Label(String, By) is undefined for the type HomePage
	Syntax error, insert &quot;;&quot; to complete BlockStatements
	The method nTopArrBtn() is undefined for the type HomePage
	Syntax error, insert &quot;;&quot; to complete Statement
	The method ck(By) is undefined for the type HomePage
	Syntax error, insert &quot;;&quot; to complete BlockStatements
	Syntax error on token &quot;rlblAll&quot;, ( expected after this token
	The method rlblAll() is undefined for the type HomePage
	Syntax error, insert &quot;;&quot; to complete Statement
	Syntax error on token &quot;rlblAll&quot;, ( expected after this token
	The method rlblAll() is undefined for the type HomePage
	Syntax error, insert &quot;;&quot; to complete Statement
	Syntax error on token &quot;rlblAll&quot;, ( expected after this token
	The method rlblAll() is undefined for the type HomePage
	Syntax error, insert &quot;;&quot; to complete Statement
	Syntax error on token &quot;rlblAll&quot;, ( expected after this token
	The method rlblAll() is undefined for the type HomePage
	Syntax error, insert &quot;;&quot; to complete Statement
	Syntax error on token &quot;rlblAll&quot;, ( expected after this token
	The method rlblAll() is undefined for the type HomePage
	Syntax error, insert &quot;}&quot; to complete Statement
	Syntax error on token &quot;relblAll&quot;, ( expected after this token
	The method relblAll() is undefined for the type HomePage
	Syntax error, insert &quot;;&quot; to complete Statement
	Syntax error on token &quot;relblAll&quot;, ( expected after this token
	The method relblAll() is undefined for the type HomePage
	Syntax error, insert &quot;}&quot; to complete Statement
	Syntax error on token &quot;relblAll&quot;, ( expected after this token
	The method relblAll() is undefined for the type HomePage
	Syntax error, insert &quot;}&quot; to complete Statement
	Syntax error on token &quot;relblAll&quot;, ( expected after this token
	The method relblAll() is undefined for the type HomePage
	Syntax error, insert &quot;}&quot; to complete Statement
	Syntax error on token &quot;relblAll&quot;, ( expected after this token
	The method relblAll() is undefined for the type HomePage
	Syntax error on token &quot;}&quot;, delete this token
	Syntax error on token &quot;mostlblAll&quot;, ( expected after this token
	The method mostlblAll() is undefined for the type HomePage
	Syntax error, insert &quot;;&quot; to complete Statement
	Syntax error on token &quot;mostlblAll&quot;, ( expected after this token
	The method mostlblAll() is undefined for the type HomePage
	Syntax error, insert &quot;}&quot; to complete Statement
	Syntax error on token &quot;mostlblAll&quot;, ( expected after this token
	The method mostlblAll() is undefined for the type HomePage
	Syntax error, insert &quot;}&quot; to complete Statement
	Syntax error on token &quot;mostlblAll&quot;, ( expected after this token
	The method mostlblAll() is undefined for the type HomePage
	Syntax error, insert &quot;}&quot; to complete Statement
	Syntax error on token &quot;mostlblAll&quot;, ( expected after this token
	The method mostlblAll() is undefined for the type HomePage
	Syntax error on token &quot;}&quot;, delete this token
	Unexpected end of comment
	The method tExist(By) is undefined for the type HomePage
	Syntax error on token &quot;}&quot;, delete this token
	Unexpected end of comment
	learningItemTitle1 cannot be resolved to a variable
	learningItemTitle1 cannot be resolved to a variable
	Syntax error on token &quot;}&quot;, delete this token
	Unexpected end of comment
	Syntax error on token &quot;btnContinue&quot;, ( expected after this token
	The method btnContinue() is undefined for the type HomePage
	Syntax error, insert &quot;;&quot; to complete Statement
	The method entExist(By) is undefined for the type HomePage
	Syntax error on token &quot;)&quot;, ; expected
	Syntax error, insert &quot;}&quot; to complete Block
	Syntax error, insert &quot;AssignmentOperator Expression&quot; to complete Expression
	Syntax error, insert &quot;;&quot; to complete Statement
	Syntax error on token &quot;homeLink&quot;, ( expected after this token
	Syntax error on token &quot;}&quot;, delete this token
	Syntax error on token &quot;rlblAll&quot;, ( expected after this token
	Syntax error, insert &quot;;&quot; to complete Statement
	Syntax error, insert &quot;;&quot; to complete Statement
	Syntax error on token &quot;)&quot;, ++ expected
	Syntax error on token &quot;)&quot;, { expected
	Syntax error on token &quot;)&quot;, delete this token
	Syntax error on token &quot;)&quot;, delete this token
	Syntax error, insert &quot;;&quot; to complete Statement
	Syntax error on token &quot;}&quot;, { expected
">
      <![CDATA[java.lang.Error: Unresolved compilation problems: 
Implicit super constructor FractalBasePage() is undefined. Must explicitly invoke another constructor
Syntax error on token "driver", ( expected after this token
The method driver() is undefined for the type HomePage
Syntax error, insert ";" to complete Statement
The method Label(String, By) is undefined for the type HomePage
Syntax error, insert ";" to complete Statement
The method nCategory() is undefined for the type HomePage
Syntax error, insert ";" to complete Statement
Syntax error on token ")", { expected
Syntax error, insert "EnumBody" to complete BlockStatement
Syntax error, insert "enum Identifier" to complete EnumHeader
The method Label(String, By) is undefined for the type HomePage
Syntax error, insert ";" to complete BlockStatements
The method yComplPercent(By) is undefined for the type HomePage
Syntax error, insert ";" to complete BlockStatements
The method Label(String, By) is undefined for the type HomePage
Syntax error, insert ";" to complete BlockStatements
The method Label(String, By) is undefined for the type HomePage
Syntax error, insert ";" to complete BlockStatements
Syntax error, insert ";" to complete BlockStatements
The method nCourseslink() is undefined for the type HomePage
Syntax error, insert ";" to complete Statement
The method Label(String, By) is undefined for the type HomePage
Syntax error, insert ";" to complete BlockStatements
The method nTopArrBtn() is undefined for the type HomePage
Syntax error, insert ";" to complete Statement
The method ck(By) is undefined for the type HomePage
Syntax error, insert ";" to complete BlockStatements
Syntax error on token "rlblAll", ( expected after this token
The method rlblAll() is undefined for the type HomePage
Syntax error, insert ";" to complete Statement
Syntax error on token "rlblAll", ( expected after this token
The method rlblAll() is undefined for the type HomePage
Syntax error, insert ";" to complete Statement
Syntax error on token "rlblAll", ( expected after this token
The method rlblAll() is undefined for the type HomePage
Syntax error, insert ";" to complete Statement
Syntax error on token "rlblAll", ( expected after this token
The method rlblAll() is undefined for the type HomePage
Syntax error, insert ";" to complete Statement
Syntax error on token "rlblAll", ( expected after this token
The method rlblAll() is undefined for the type HomePage
Syntax error, insert "}" to complete Statement
Syntax error on token "relblAll", ( expected after this token
The method relblAll() is undefined for the type HomePage
Syntax error, insert ";" to complete Statement
Syntax error on token "relblAll", ( expected after this token
The method relblAll() is undefined for the type HomePage
Syntax error, insert "}" to complete Statement
Syntax error on token "relblAll", ( expected after this token
The method relblAll() is undefined for the type HomePage
Syntax error, insert "}" to complete Statement
Syntax error on token "relblAll", ( expected after this token
The method relblAll() is undefined for the type HomePage
Syntax error, insert "}" to complete Statement
Syntax error on token "relblAll", ( expected after this token
The method relblAll() is undefined for the type HomePage
Syntax error on token "}", delete this token
Syntax error on token "mostlblAll", ( expected after this token
The method mostlblAll() is undefined for the type HomePage
Syntax error, insert ";" to complete Statement
Syntax error on token "mostlblAll", ( expected after this token
The method mostlblAll() is undefined for the type HomePage
Syntax error, insert "}" to complete Statement
Syntax error on token "mostlblAll", ( expected after this token
The method mostlblAll() is undefined for the type HomePage
Syntax error, insert "}" to complete Statement
Syntax error on token "mostlblAll", ( expected after this token
The method mostlblAll() is undefined for the type HomePage
Syntax error, insert "}" to complete Statement
Syntax error on token "mostlblAll", ( expected after this token
The method mostlblAll() is undefined for the type HomePage
Syntax error on token "}", delete this token
Unexpected end of comment
The method tExist(By) is undefined for the type HomePage
Syntax error on token "}", delete this token
Unexpected end of comment
learningItemTitle1 cannot be resolved to a variable
learningItemTitle1 cannot be resolved to a variable
Syntax error on token "}", delete this token
Unexpected end of comment
Syntax error on token "btnContinue", ( expected after this token
The method btnContinue() is undefined for the type HomePage
Syntax error, insert ";" to complete Statement
The method entExist(By) is undefined for the type HomePage
Syntax error on token ")", ; expected
Syntax error, insert "}" to complete Block
Syntax error, insert "AssignmentOperator Expression" to complete Expression
Syntax error, insert ";" to complete Statement
Syntax error on token "homeLink", ( expected after this token
Syntax error on token "}", delete this token
Syntax error on token "rlblAll", ( expected after this token
Syntax error, insert ";" to complete Statement
Syntax error, insert ";" to complete Statement
Syntax error on token ")", ++ expected
Syntax error on token ")", { expected
Syntax error on token ")", delete this token
Syntax error on token ")", delete this token
Syntax error, insert ";" to complete Statement
Syntax error on token "}", { expected

at com.origin.fractal.testauto.pages.HomePage.<init>(HomePage.java:1)
at com.origin.fractal.testauto.steps.HomeSteps.<init>(HomeSteps.java:14)
at com.origin.fractal.testauto.test.testsuites.WebTestsMyLearning.testMyLearningPage3(WebTestsMyLearning.java:126)
at sun.reflect.NativeMethodAccessorImpl.invoke0(Native Method)
at sun.reflect.NativeMethodAccessorImpl.invoke(Unknown Source)
at sun.reflect.DelegatingMethodAccessorImpl.invoke(Unknown Source)
at java.lang.reflect.Method.invoke(Unknown Source)
at org.testng.internal.MethodInvocationHelper.invokeMethod(MethodInvocationHelper.java:124)
at org.testng.internal.Invoker.invokeMethod(Invoker.java:583)
at org.testng.internal.Invoker.invokeTestMethod(Invoker.java:719)
at org.testng.internal.Invoker.invokeTestMethods(Invoker.java:989)
at org.testng.internal.TestMethodWorker.invokeTestMethods(TestMethodWorker.java:125)
at org.testng.internal.TestMethodWorker.run(TestMethodWorker.java:109)
at org.testng.TestRunner.privateRun(TestRunner.java:648)
at org.testng.TestRunner.run(TestRunner.java:505)
at org.testng.SuiteRunner.runTest(SuiteRunner.java:455)
at org.testng.SuiteRunner.runSequentially(SuiteRunner.java:450)
at org.testng.SuiteRunner.privateRun(SuiteRunner.java:415)
at org.testng.SuiteRunner.run(SuiteRunner.java:364)
at org.testng.SuiteRunnerWorker.runSuite(SuiteRunnerWorker.java:52)
at org.testng.SuiteRunnerWorker.run(SuiteRunnerWorker.java:84)
at org.testng.TestNG.runSuitesSequentially(TestNG.java:1208)
at org.testng.TestNG.runSuitesLocally(TestNG.java:1137)
at org.testng.TestNG.runSuites(TestNG.java:1049)
at org.testng.TestNG.run(TestNG.java:1017)
at org.testng.remote.AbstractRemoteTestNG.run(AbstractRemoteTestNG.java:114)
at org.testng.remote.RemoteTestNG.initAndRun(RemoteTestNG.java:251)
at org.testng.remote.RemoteTestNG.main(RemoteTestNG.java:77)
]]>
    </error>
  </testcase> <!-- testMyLearningPage3 -->
</testsuite> <!-- com.origin.fractal.testauto.test.testsuites.WebTestsMyLearning -->
